<?xml version="1.0" encoding="UTF-8"?>
<!-- Generated by org.testng.reporters.JUnitXMLReporter -->
<testsuite hostname="Dell-Inspiron-5559" ignored="0" name="Test" tests="1" failures="1" timestamp="2019-08-27T17:09:43 IST" time="16.103" errors="0">
  <testcase name="googleTitleTest" time="15.915" classname="ListnersDemo.TestCaseDummy">
    <failure type="java.lang.AssertionError" message="testcase failed: title doesn&amp;apos;t match expected [Googlee] but found [Google]">
      <![CDATA[java.lang.AssertionError: testcase failed: title doesn't match expected [Googlee] but found [Google]
at ListnersDemo.TestCaseDummy.googleTitleTest(TestCaseDummy.java:18)
at java.util.ArrayList.forEach(ArrayList.java:1257)
... Removed 31 stack frames]]>
    </failure>
  </testcase> <!-- googleTitleTest -->
</testsuite> <!-- Test -->
